#
# A fatal error has been detected by the Java Runtime Environment:
#
#  SIGFPE (0x8) at pc=0x000000011683b148, pid=4006, tid=8963
#
# JRE version: OpenJDK Runtime Environment (15.0.1+9) (build 15.0.1+9-18)
# Java VM: OpenJDK 64-Bit Server VM (15.0.1+9-18, mixed mode, tiered, compressed oops, g1 gc, bsd-amd64)
# Problematic frame:
# j  CalculatorTest.div(II)V+25
#
# No core dump will be written. Core dumps have been disabled. To enable core dumping, try "ulimit -c unlimited" before starting Java again
#
# If you would like to submit a bug report, please visit:
#   https://bugreport.java.com/bugreport/crash.jsp
#

---------------  S U M M A R Y ------------

Command Line: -Dfile.encoding=UTF-8 -XX:+ShowCodeDetailsInExceptionMessages main

Host: MacBookAir10,1 x86_64 2400 MHz, 8 cores, 16G, Darwin 20.3.0
Time: Wed Mar 10 16:32:08 2021 KST elapsed time: 3.246721 seconds (0d 0h 0m 3s)

---------------  T H R E A D  ---------------

Current thread (0x00007fbd5881a800):  JavaThread "main" [_thread_in_Java, id=8963, stack(0x000000030c75c000,0x000000030c85c000)]

Stack: [0x000000030c75c000,0x000000030c85c000],  sp=0x000000030c85b9c0,  free space=1022k
Native frames: (J=compiled Java code, A=aot compiled Java code, j=interpreted, Vv=VM code, C=native code)
j  CalculatorTest.div(II)V+25
j  run.run()V+254
j  main.main([Ljava/lang/String;)V+9
v  ~StubRoutines::call_stub
V  [libjvm.dylib+0x4ad942]  JavaCalls::call_helper(JavaValue*, methodHandle const&, JavaCallArguments*, Thread*)+0x2e2
V  [libjvm.dylib+0x50e509]  jni_invoke_static(JNIEnv_*, JavaValue*, _jobject*, JNICallType, _jmethodID*, JNI_ArgumentPusher*, Thread*)+0x1f9
V  [libjvm.dylib+0x511cae]  jni_CallStaticVoidMethod+0x19e
C  [libjli.dylib+0x4f3d]  JavaMain+0xc1d
C  [libjli.dylib+0x7659]  ThreadJavaMain+0x9
C  [libsystem_pthread.dylib+0x6950]  _pthread_start+0xe0
C  [libsystem_pthread.dylib+0x247b]  thread_start+0xf


siginfo: si_signo: 8 (SIGFPE), si_code: 5 (FPE_FLTINV), si_addr: 0x000000011683b148

Register to memory mapping:

RAX=0x0000000000000005 is an unknown value
RBX=0x000000000000006c is an unknown value
RCX=0x0 is NULL
RDX=0x0 is NULL
RSP=0x000000030c85b9c0 is pointing into the stack for thread: 0x00007fbd5881a800
RBP=0x000000030c85ba18 is pointing into the stack for thread: 0x00007fbd5881a800
RSI=0x000000070ffdc280 is an oop: java.lang.StringBuilder 
{0x000000070ffdc280} - klass: 'java/lang/StringBuilder'
RDI=0x0000000000000003 is an unknown value
R8 =0x0000000000000003 is an unknown value
R9 =0x0000000000000003 is an unknown value
R10=0x000000011144a8c0: _ZN19TemplateInterpreter13_active_tableE+0x2000 in /Users/mingssok/.p2/pool/plugins/org.eclipse.justj.openjdk.hotspot.jre.full.macosx.x86_64_15.0.1.v20201027-0507/jre/lib/server/libjvm.dylib at 0x0000000110800000
R11=0x0000000116dd7dc0 is at entry_point+32 in (nmethod*)0x0000000116dd7c10
R12=0x0 is NULL
R13=0x0000000131630a9e is pointing into metadata
R14=0x000000030c85ba40 is pointing into the stack for thread: 0x00007fbd5881a800
R15=0x00007fbd5881a800 is a thread


Registers:
RAX=0x0000000000000005, RBX=0x000000000000006c, RCX=0x0000000000000000, RDX=0x0000000000000000
RSP=0x000000030c85b9c0, RBP=0x000000030c85ba18, RSI=0x000000070ffdc280, RDI=0x0000000000000003
R8 =0x0000000000000003, R9 =0x0000000000000003, R10=0x000000011144a8c0, R11=0x0000000116dd7dc0
R12=0x0000000000000000, R13=0x0000000131630a9e, R14=0x000000030c85ba40, R15=0x00007fbd5881a800
RIP=0x000000011683b148, EFLAGS=0x0000000000000a87, ERR=0x0000000000000000
  TRAPNO=0x0000000000000000

Top of Stack: (sp=0x000000030c85b9c0)
0x000000030c85b9c0:   000000070ffdc280 000000070fe156e0
0x000000030c85b9d0:   000000030c85b9d0 0000000131630a99
0x000000030c85b9e0:   000000030c85ba40 0000000131630b98
0x000000030c85b9f0:   0000000000000000 000000070ffcb550
0x000000030c85ba00:   0000000131630b00 0000000000000000
0x000000030c85ba10:   000000030c85ba30 000000030c85ba90
0x000000030c85ba20:   0000000116830ebe 0000000000000000
0x000000030c85ba30:   0000000000000000 0000000000000005
0x000000030c85ba40:   000000070ffcb810 000000030c85ba48
0x000000030c85ba50:   0000000131428966 000000030c85bad0
0x000000030c85ba60:   0000000131428ae8 0000000000000000
0x000000030c85ba70:   000000070ff01cf8 0000000131428a40
0x000000030c85ba80:   000000030c85ba30 000000030c85bad0
0x000000030c85ba90:   000000030c85bb20 0000000116830ebe
0x000000030c85baa0:   0000000000000001 000000070ffcb810
0x000000030c85bab0:   0000000000000000 0000000000000005
0x000000030c85bac0:   0000000000000004 000000070ff2dcc0
0x000000030c85bad0:   000000070ff01dd0 000000030c85bad8
0x000000030c85bae0:   00000001314282b9 000000030c85bb38
0x000000030c85baf0:   0000000131428338 0000000000000000
0x000000030c85bb00:   000000070feff750 00000001314282e0
0x000000030c85bb10:   000000030c85bad0 000000030c85bb38
0x000000030c85bb20:   000000030c85bba0 0000000116827947
0x000000030c85bb30:   000000070ff01dd0 000000070ff001a0
0x000000030c85bb40:   edca5ae300001fa0 00007fbd5881a800
0x000000030c85bb50:   000000030c85bce0 000000030c85be90
0x000000030c85bb60:   000000030c85bcc8 0000000000000001
0x000000030c85bb70:   000000030c85bbf8 000000030c85be98
0x000000030c85bb80:   000000000000000a 00000001314282e0
0x000000030c85bb90:   0000000116834f20 000000030c85bce8
0x000000030c85bba0:   000000030c85bc80 0000000110cad942
0x000000030c85bbb0:   0000000000000001 00007fbd5881a800 

Instructions: (pc=0x000000011683b148)
0x000000011683b048:   7e ae 27 11 01 00 00 00 6a 00 00 00 00 00 00 00
0x000000011683b058:   00 00 00 00 00 00 00 00 f3 0f 10 04 24 48 83 c4
0x000000011683b068:   08 f3 0f 59 04 24 48 83 c4 08 41 0f b6 5d 01 49
0x000000011683b078:   ff c5 49 ba c0 b8 44 11 01 00 00 00 41 ff 24 da
0x000000011683b088:   00 00 00 00 00 00 00 00 00 00 00 00 00 00 00 00
0x000000011683b098:   00 00 00 00 00 00 00 00 60 00 00 00 00 00 00 00
0x000000011683b0a8:   83 ae 27 11 01 00 00 00 6b 00 00 00 00 00 00 00
0x000000011683b0b8:   00 00 00 00 00 00 00 00 f2 0f 10 04 24 48 83 c4
0x000000011683b0c8:   10 f2 0f 59 04 24 48 83 c4 10 41 0f b6 5d 01 49
0x000000011683b0d8:   ff c5 49 ba c0 c0 44 11 01 00 00 00 41 ff 24 da
0x000000011683b0e8:   00 00 00 00 00 00 00 00 00 00 00 00 00 00 00 00
0x000000011683b0f8:   00 00 00 00 00 00 00 00 60 00 00 00 00 00 00 00
0x000000011683b108:   88 ae 27 11 01 00 00 00 6c 00 00 00 00 00 00 00
0x000000011683b118:   00 00 00 00 00 00 00 00 8b 04 24 48 83 c4 08 8b
0x000000011683b128:   c8 8b 04 24 48 83 c4 08 81 f8 00 00 00 80 0f 85
0x000000011683b138:   0b 00 00 00 33 d2 83 f9 ff 0f 84 03 00 00 00 99
0x000000011683b148:   f7 f9 41 0f b6 5d 01 49 ff c5 49 ba c0 a8 44 11
0x000000011683b158:   01 00 00 00 41 ff 24 da 80 00 00 00 00 00 00 00
0x000000011683b168:   8d ae 27 11 01 00 00 00 6d 00 00 00 00 00 00 00
0x000000011683b178:   00 00 00 00 00 00 00 00 48 8b 04 24 48 83 c4 10
0x000000011683b188:   48 8b c8 48 8b 04 24 48 83 c4 10 48 85 c9 0f 84
0x000000011683b198:   73 9a ff ff 48 3b 05 ad a9 ab fa 0f 85 0c 00 00
0x000000011683b1a8:   00 33 d2 48 83 f9 ff 0f 84 05 00 00 00 48 99 48
0x000000011683b1b8:   f7 f9 41 0f b6 5d 01 49 ff c5 49 ba c0 b0 44 11
0x000000011683b1c8:   01 00 00 00 41 ff 24 da 00 00 00 00 00 00 00 00
0x000000011683b1d8:   00 00 00 00 00 00 00 00 60 00 00 00 00 00 00 00
0x000000011683b1e8:   92 ae 27 11 01 00 00 00 6e 00 00 00 00 00 00 00
0x000000011683b1f8:   00 00 00 00 00 00 00 00 f3 0f 10 04 24 48 83 c4
0x000000011683b208:   08 0f 28 c8 f3 0f 10 04 24 48 83 c4 08 f3 0f 5e
0x000000011683b218:   c1 41 0f b6 5d 01 49 ff c5 49 ba c0 b8 44 11 01
0x000000011683b228:   00 00 00 41 ff 24 da 90 00 00 00 00 00 00 00 00
0x000000011683b238:   00 00 00 00 00 00 00 00 60 00 00 00 00 00 00 00 


Stack slot to memory mapping:
stack at sp + 0 slots: 0x000000070ffdc280 is an oop: java.lang.StringBuilder 
{0x000000070ffdc280} - klass: 'java/lang/StringBuilder'
stack at sp + 1 slots: 0x000000070fe156e0 is an oop: java.io.PrintStream 
{0x000000070fe156e0} - klass: 'java/io/PrintStream'
stack at sp + 2 slots: 0x000000030c85b9d0 is pointing into the stack for thread: 0x00007fbd5881a800
stack at sp + 3 slots: 0x0000000131630a99 is pointing into metadata
stack at sp + 4 slots: 0x000000030c85ba40 is pointing into the stack for thread: 0x00007fbd5881a800
stack at sp + 5 slots: 0x0000000131630b98 is pointing into metadata
stack at sp + 6 slots: 0x0 is NULL
stack at sp + 7 slots: 0x000000070ffcb550 is an oop: java.lang.Class 
{0x000000070ffcb550} - klass: 'java/lang/Class'

idiv  108 idiv  [0x000000011683b120, 0x000000011683b160]  64 bytes
[MachCode]
  0x000000011683b120: 8b04 2448 | 83c4 088b | c88b 0424 | 4883 c408 | 81f8 0000 | 0080 0f85 | 0b00 0000 | 33d2 83f9 
  0x000000011683b140: ff0f 8403 | 0000 0099 | f7f9 410f | b65d 0149 | ffc5 49ba | c0a8 4411 | 0100 0000 | 41ff 24da 
[/MachCode]

---------------  P R O C E S S  ---------------

Threads class SMR info:
_java_thread_list=0x00007fbd579539b0, length=10, elements={
0x00007fbd5881a800, 0x00007fbd5880fa00, 0x00007fbd58810000, 0x00007fbd5882c000,
0x00007fbd5882a800, 0x00007fbd5800be00, 0x00007fbd5800c400, 0x00007fbd58836600,
0x00007fbd58845800, 0x00007fbd58836c00
}

Java Threads: ( => current thread )
=>0x00007fbd5881a800 JavaThread "main" [_thread_in_Java, id=8963, stack(0x000000030c75c000,0x000000030c85c000)]
  0x00007fbd5880fa00 JavaThread "Reference Handler" daemon [_thread_blocked, id=14851, stack(0x000000030ce71000,0x000000030cf71000)]
  0x00007fbd58810000 JavaThread "Finalizer" daemon [_thread_blocked, id=22275, stack(0x000000030cf74000,0x000000030d074000)]
  0x00007fbd5882c000 JavaThread "Signal Dispatcher" daemon [_thread_blocked, id=24067, stack(0x000000030d187000,0x000000030d287000)]
  0x00007fbd5882a800 JavaThread "Service Thread" daemon [_thread_blocked, id=39683, stack(0x000000030d28a000,0x000000030d38a000)]
  0x00007fbd5800be00 JavaThread "C2 CompilerThread0" daemon [_thread_blocked, id=25603, stack(0x000000030d38d000,0x000000030d48d000)]
  0x00007fbd5800c400 JavaThread "C1 CompilerThread0" daemon [_thread_blocked, id=38659, stack(0x000000030d490000,0x000000030d590000)]
  0x00007fbd58836600 JavaThread "Sweeper thread" daemon [_thread_blocked, id=26115, stack(0x000000030d593000,0x000000030d693000)]
  0x00007fbd58845800 JavaThread "Notification Thread" daemon [_thread_blocked, id=37123, stack(0x000000030d696000,0x000000030d796000)]
  0x00007fbd58836c00 JavaThread "Common-Cleaner" daemon [_thread_blocked, id=36099, stack(0x000000030d89c000,0x000000030d99c000)]

Other Threads:
  0x00007fbd55d18b10 VMThread "VM Thread" [stack: 0x000000030cd6e000,0x000000030ce6e000] [id=14347]
  0x00007fbd57950a70 WatcherThread [stack: 0x000000030d799000,0x000000030d899000] [id=36867]
  0x00007fbd55e11eb0 GCTaskThread "GC Thread#0" [stack: 0x000000030c85f000,0x000000030c95f000] [id=17667]
  0x00007fbd55e13080 ConcurrentGCThread "G1 Main Marker" [stack: 0x000000030c962000,0x000000030ca62000] [id=13315]
  0x00007fbd57b04fc0 ConcurrentGCThread "G1 Conc#0" [stack: 0x000000030ca65000,0x000000030cb65000] [id=16899]
  0x00007fbd57910760 ConcurrentGCThread "G1 Refine#0" [stack: 0x000000030cb68000,0x000000030cc68000] [id=14083]
  0x00007fbd579117e0 ConcurrentGCThread "G1 Young RemSet Sampling" [stack: 0x000000030cc6b000,0x000000030cd6b000] [id=16131]

Threads with active compile tasks:

VM state: not at safepoint (normal execution)

VM Mutex/Monitor currently owned by a thread: None

Heap address: 0x0000000700000000, size: 4096 MB, Compressed Oops mode: Zero based, Oop shift amount: 3
CDS disabled.
Compressed class space mapped at: 0x0000000800000000-0x0000000840000000, size: 1073741824
Narrow klass base: 0x0000000800000000, Narrow klass shift: 0, Narrow klass range: 0x40000000

GC Precious Log:
 CPUs: 8 total, 8 available
 Memory: 16384M
 Large Page Support: Disabled
 NUMA Support: Disabled
 Compressed Oops: Enabled (Zero based)
 Heap Region Size: 2M
 Heap Min Capacity: 8M
 Heap Initial Capacity: 256M
 Heap Max Capacity: 4G
 Pre-touch: Disabled
 Parallel Workers: 8
 Concurrent Workers: 2
 Concurrent Refinement Workers: 8
 Periodic GC: Disabled

Heap:
 garbage-first heap   total 262144K, used 0K [0x0000000700000000, 0x0000000800000000)
  region size 2048K, 1 young (2048K), 0 survivors (0K)
 Metaspace       used 6700K, capacity 6833K, committed 7040K, reserved 1056768K
  class space    used 571K, capacity 591K, committed 640K, reserved 1048576K

Heap Regions: E=young(eden), S=young(survivor), O=old, HS=humongous(starts), HC=humongous(continues), CS=collection set, F=free, OA=open archive, CA=closed archive, TAMS=top-at-mark-start (previous, next)
|   0|0x0000000700000000, 0x0000000700000000, 0x0000000700200000|  0%| F|  |TAMS 0x0000000700000000, 0x0000000700000000| Untracked 
|   1|0x0000000700200000, 0x0000000700200000, 0x0000000700400000|  0%| F|  |TAMS 0x0000000700200000, 0x0000000700200000| Untracked 
|   2|0x0000000700400000, 0x0000000700400000, 0x0000000700600000|  0%| F|  |TAMS 0x0000000700400000, 0x0000000700400000| Untracked 
|   3|0x0000000700600000, 0x0000000700600000, 0x0000000700800000|  0%| F|  |TAMS 0x0000000700600000, 0x0000000700600000| Untracked 
|   4|0x0000000700800000, 0x0000000700800000, 0x0000000700a00000|  0%| F|  |TAMS 0x0000000700800000, 0x0000000700800000| Untracked 
|   5|0x0000000700a00000, 0x0000000700a00000, 0x0000000700c00000|  0%| F|  |TAMS 0x0000000700a00000, 0x0000000700a00000| Untracked 
|   6|0x0000000700c00000, 0x0000000700c00000, 0x0000000700e00000|  0%| F|  |TAMS 0x0000000700c00000, 0x0000000700c00000| Untracked 
|   7|0x0000000700e00000, 0x0000000700e00000, 0x0000000701000000|  0%| F|  |TAMS 0x0000000700e00000, 0x0000000700e00000| Untracked 
|   8|0x0000000701000000, 0x0000000701000000, 0x0000000701200000|  0%| F|  |TAMS 0x0000000701000000, 0x0000000701000000| Untracked 
|   9|0x0000000701200000, 0x0000000701200000, 0x0000000701400000|  0%| F|  |TAMS 0x0000000701200000, 0x0000000701200000| Untracked 
|  10|0x0000000701400000, 0x0000000701400000, 0x0000000701600000|  0%| F|  |TAMS 0x0000000701400000, 0x0000000701400000| Untracked 
|  11|0x0000000701600000, 0x0000000701600000, 0x0000000701800000|  0%| F|  |TAMS 0x0000000701600000, 0x0000000701600000| Untracked 
|  12|0x0000000701800000, 0x0000000701800000, 0x0000000701a00000|  0%| F|  |TAMS 0x0000000701800000, 0x0000000701800000| Untracked 
|  13|0x0000000701a00000, 0x0000000701a00000, 0x0000000701c00000|  0%| F|  |TAMS 0x0000000701a00000, 0x0000000701a00000| Untracked 
|  14|0x0000000701c00000, 0x0000000701c00000, 0x0000000701e00000|  0%| F|  |TAMS 0x0000000701c00000, 0x0000000701c00000| Untracked 
|  15|0x0000000701e00000, 0x0000000701e00000, 0x0000000702000000|  0%| F|  |TAMS 0x0000000701e00000, 0x0000000701e00000| Untracked 
|  16|0x0000000702000000, 0x0000000702000000, 0x0000000702200000|  0%| F|  |TAMS 0x0000000702000000, 0x0000000702000000| Untracked 
|  17|0x0000000702200000, 0x0000000702200000, 0x0000000702400000|  0%| F|  |TAMS 0x0000000702200000, 0x0000000702200000| Untracked 
|  18|0x0000000702400000, 0x0000000702400000, 0x0000000702600000|  0%| F|  |TAMS 0x0000000702400000, 0x0000000702400000| Untracked 
|  19|0x0000000702600000, 0x0000000702600000, 0x0000000702800000|  0%| F|  |TAMS 0x0000000702600000, 0x0000000702600000| Untracked 
|  20|0x0000000702800000, 0x0000000702800000, 0x0000000702a00000|  0%| F|  |TAMS 0x0000000702800000, 0x0000000702800000| Untracked 
|  21|0x0000000702a00000, 0x0000000702a00000, 0x0000000702c00000|  0%| F|  |TAMS 0x0000000702a00000, 0x0000000702a00000| Untracked 
|  22|0x0000000702c00000, 0x0000000702c00000, 0x0000000702e00000|  0%| F|  |TAMS 0x0000000702c00000, 0x0000000702c00000| Untracked 
|  23|0x0000000702e00000, 0x0000000702e00000, 0x0000000703000000|  0%| F|  |TAMS 0x0000000702e00000, 0x0000000702e00000| Untracked 
|  24|0x0000000703000000, 0x0000000703000000, 0x0000000703200000|  0%| F|  |TAMS 0x0000000703000000, 0x0000000703000000| Untracked 
|  25|0x0000000703200000, 0x0000000703200000, 0x0000000703400000|  0%| F|  |TAMS 0x0000000703200000, 0x0000000703200000| Untracked 
|  26|0x0000000703400000, 0x0000000703400000, 0x0000000703600000|  0%| F|  |TAMS 0x0000000703400000, 0x0000000703400000| Untracked 
|  27|0x0000000703600000, 0x0000000703600000, 0x0000000703800000|  0%| F|  |TAMS 0x0000000703600000, 0x0000000703600000| Untracked 
|  28|0x0000000703800000, 0x0000000703800000, 0x0000000703a00000|  0%| F|  |TAMS 0x0000000703800000, 0x0000000703800000| Untracked 
|  29|0x0000000703a00000, 0x0000000703a00000, 0x0000000703c00000|  0%| F|  |TAMS 0x0000000703a00000, 0x0000000703a00000| Untracked 
|  30|0x0000000703c00000, 0x0000000703c00000, 0x0000000703e00000|  0%| F|  |TAMS 0x0000000703c00000, 0x0000000703c00000| Untracked 
|  31|0x0000000703e00000, 0x0000000703e00000, 0x0000000704000000|  0%| F|  |TAMS 0x0000000703e00000, 0x0000000703e00000| Untracked 
|  32|0x0000000704000000, 0x0000000704000000, 0x0000000704200000|  0%| F|  |TAMS 0x0000000704000000, 0x0000000704000000| Untracked 
|  33|0x0000000704200000, 0x0000000704200000, 0x0000000704400000|  0%| F|  |TAMS 0x0000000704200000, 0x0000000704200000| Untracked 
|  34|0x0000000704400000, 0x0000000704400000, 0x0000000704600000|  0%| F|  |TAMS 0x0000000704400000, 0x0000000704400000| Untracked 
|  35|0x0000000704600000, 0x0000000704600000, 0x0000000704800000|  0%| F|  |TAMS 0x0000000704600000, 0x0000000704600000| Untracked 
|  36|0x0000000704800000, 0x0000000704800000, 0x0000000704a00000|  0%| F|  |TAMS 0x0000000704800000, 0x0000000704800000| Untracked 
|  37|0x0000000704a00000, 0x0000000704a00000, 0x0000000704c00000|  0%| F|  |TAMS 0x0000000704a00000, 0x0000000704a00000| Untracked 
|  38|0x0000000704c00000, 0x0000000704c00000, 0x0000000704e00000|  0%| F|  |TAMS 0x0000000704c00000, 0x0000000704c00000| Untracked 
|  39|0x0000000704e00000, 0x0000000704e00000, 0x0000000705000000|  0%| F|  |TAMS 0x0000000704e00000, 0x0000000704e00000| Untracked 
|  40|0x0000000705000000, 0x0000000705000000, 0x0000000705200000|  0%| F|  |TAMS 0x0000000705000000, 0x0000000705000000| Untracked 
|  41|0x0000000705200000, 0x0000000705200000, 0x0000000705400000|  0%| F|  |TAMS 0x0000000705200000, 0x0000000705200000| Untracked 
|  42|0x0000000705400000, 0x0000000705400000, 0x0000000705600000|  0%| F|  |TAMS 0x0000000705400000, 0x0000000705400000| Untracked 
|  43|0x0000000705600000, 0x0000000705600000, 0x0000000705800000|  0%| F|  |TAMS 0x0000000705600000, 0x0000000705600000| Untracked 
|  44|0x0000000705800000, 0x0000000705800000, 0x0000000705a00000|  0%| F|  |TAMS 0x0000000705800000, 0x0000000705800000| Untracked 
|  45|0x0000000705a00000, 0x0000000705a00000, 0x0000000705c00000|  0%| F|  |TAMS 0x0000000705a00000, 0x0000000705a00000| Untracked 
|  46|0x0000000705c00000, 0x0000000705c00000, 0x0000000705e00000|  0%| F|  |TAMS 0x0000000705c00000, 0x0000000705c00000| Untracked 
|  47|0x0000000705e00000, 0x0000000705e00000, 0x0000000706000000|  0%| F|  |TAMS 0x0000000705e00000, 0x0000000705e00000| Untracked 
|  48|0x0000000706000000, 0x0000000706000000, 0x0000000706200000|  0%| F|  |TAMS 0x0000000706000000, 0x0000000706000000| Untracked 
|  49|0x0000000706200000, 0x0000000706200000, 0x0000000706400000|  0%| F|  |TAMS 0x0000000706200000, 0x0000000706200000| Untracked 
|  50|0x0000000706400000, 0x0000000706400000, 0x0000000706600000|  0%| F|  |TAMS 0x0000000706400000, 0x0000000706400000| Untracked 
|  51|0x0000000706600000, 0x0000000706600000, 0x0000000706800000|  0%| F|  |TAMS 0x0000000706600000, 0x0000000706600000| Untracked 
|  52|0x0000000706800000, 0x0000000706800000, 0x0000000706a00000|  0%| F|  |TAMS 0x0000000706800000, 0x0000000706800000| Untracked 
|  53|0x0000000706a00000, 0x0000000706a00000, 0x0000000706c00000|  0%| F|  |TAMS 0x0000000706a00000, 0x0000000706a00000| Untracked 
|  54|0x0000000706c00000, 0x0000000706c00000, 0x0000000706e00000|  0%| F|  |TAMS 0x0000000706c00000, 0x0000000706c00000| Untracked 
|  55|0x0000000706e00000, 0x0000000706e00000, 0x0000000707000000|  0%| F|  |TAMS 0x0000000706e00000, 0x0000000706e00000| Untracked 
|  56|0x0000000707000000, 0x0000000707000000, 0x0000000707200000|  0%| F|  |TAMS 0x0000000707000000, 0x0000000707000000| Untracked 
|  57|0x0000000707200000, 0x0000000707200000, 0x0000000707400000|  0%| F|  |TAMS 0x0000000707200000, 0x0000000707200000| Untracked 
|  58|0x0000000707400000, 0x0000000707400000, 0x0000000707600000|  0%| F|  |TAMS 0x0000000707400000, 0x0000000707400000| Untracked 
|  59|0x0000000707600000, 0x0000000707600000, 0x0000000707800000|  0%| F|  |TAMS 0x0000000707600000, 0x0000000707600000| Untracked 
|  60|0x0000000707800000, 0x0000000707800000, 0x0000000707a00000|  0%| F|  |TAMS 0x0000000707800000, 0x0000000707800000| Untracked 
|  61|0x0000000707a00000, 0x0000000707a00000, 0x0000000707c00000|  0%| F|  |TAMS 0x0000000707a00000, 0x0000000707a00000| Untracked 
|  62|0x0000000707c00000, 0x0000000707c00000, 0x0000000707e00000|  0%| F|  |TAMS 0x0000000707c00000, 0x0000000707c00000| Untracked 
|  63|0x0000000707e00000, 0x0000000707e00000, 0x0000000708000000|  0%| F|  |TAMS 0x0000000707e00000, 0x0000000707e00000| Untracked 
|  64|0x0000000708000000, 0x0000000708000000, 0x0000000708200000|  0%| F|  |TAMS 0x0000000708000000, 0x0000000708000000| Untracked 
|  65|0x0000000708200000, 0x0000000708200000, 0x0000000708400000|  0%| F|  |TAMS 0x0000000708200000, 0x0000000708200000| Untracked 
|  66|0x0000000708400000, 0x0000000708400000, 0x0000000708600000|  0%| F|  |TAMS 0x0000000708400000, 0x0000000708400000| Untracked 
|  67|0x0000000708600000, 0x0000000708600000, 0x0000000708800000|  0%| F|  |TAMS 0x0000000708600000, 0x0000000708600000| Untracked 
|  68|0x0000000708800000, 0x0000000708800000, 0x0000000708a00000|  0%| F|  |TAMS 0x0000000708800000, 0x0000000708800000| Untracked 
|  69|0x0000000708a00000, 0x0000000708a00000, 0x0000000708c00000|  0%| F|  |TAMS 0x0000000708a00000, 0x0000000708a00000| Untracked 
|  70|0x0000000708c00000, 0x0000000708c00000, 0x0000000708e00000|  0%| F|  |TAMS 0x0000000708c00000, 0x0000000708c00000| Untracked 
|  71|0x0000000708e00000, 0x0000000708e00000, 0x0000000709000000|  0%| F|  |TAMS 0x0000000708e00000, 0x0000000708e00000| Untracked 
|  72|0x0000000709000000, 0x0000000709000000, 0x0000000709200000|  0%| F|  |TAMS 0x0000000709000000, 0x0000000709000000| Untracked 
|  73|0x0000000709200000, 0x0000000709200000, 0x0000000709400000|  0%| F|  |TAMS 0x0000000709200000, 0x0000000709200000| Untracked 
|  74|0x0000000709400000, 0x0000000709400000, 0x0000000709600000|  0%| F|  |TAMS 0x0000000709400000, 0x0000000709400000| Untracked 
|  75|0x0000000709600000, 0x0000000709600000, 0x0000000709800000|  0%| F|  |TAMS 0x0000000709600000, 0x0000000709600000| Untracked 
|  76|0x0000000709800000, 0x0000000709800000, 0x0000000709a00000|  0%| F|  |TAMS 0x0000000709800000, 0x0000000709800000| Untracked 
|  77|0x0000000709a00000, 0x0000000709a00000, 0x0000000709c00000|  0%| F|  |TAMS 0x0000000709a00000, 0x0000000709a00000| Untracked 
|  78|0x0000000709c00000, 0x0000000709c00000, 0x0000000709e00000|  0%| F|  |TAMS 0x0000000709c00000, 0x0000000709c00000| Untracked 
|  79|0x0000000709e00000, 0x0000000709e00000, 0x000000070a000000|  0%| F|  |TAMS 0x0000000709e00000, 0x0000000709e00000| Untracked 
|  80|0x000000070a000000, 0x000000070a000000, 0x000000070a200000|  0%| F|  |TAMS 0x000000070a000000, 0x000000070a000000| Untracked 
|  81|0x000000070a200000, 0x000000070a200000, 0x000000070a400000|  0%| F|  |TAMS 0x000000070a200000, 0x000000070a200000| Untracked 
|  82|0x000000070a400000, 0x000000070a400000, 0x000000070a600000|  0%| F|  |TAMS 0x000000070a400000, 0x000000070a400000| Untracked 
|  83|0x000000070a600000, 0x000000070a600000, 0x000000070a800000|  0%| F|  |TAMS 0x000000070a600000, 0x000000070a600000| Untracked 
|  84|0x000000070a800000, 0x000000070a800000, 0x000000070aa00000|  0%| F|  |TAMS 0x000000070a800000, 0x000000070a800000| Untracked 
|  85|0x000000070aa00000, 0x000000070aa00000, 0x000000070ac00000|  0%| F|  |TAMS 0x000000070aa00000, 0x000000070aa00000| Untracked 
|  86|0x000000070ac00000, 0x000000070ac00000, 0x000000070ae00000|  0%| F|  |TAMS 0x000000070ac00000, 0x000000070ac00000| Untracked 
|  87|0x000000070ae00000, 0x000000070ae00000, 0x000000070b000000|  0%| F|  |TAMS 0x000000070ae00000, 0x000000070ae00000| Untracked 
|  88|0x000000070b000000, 0x000000070b000000, 0x000000070b200000|  0%| F|  |TAMS 0x000000070b000000, 0x000000070b000000| Untracked 
|  89|0x000000070b200000, 0x000000070b200000, 0x000000070b400000|  0%| F|  |TAMS 0x000000070b200000, 0x000000070b200000| Untracked 
|  90|0x000000070b400000, 0x000000070b400000, 0x000000070b600000|  0%| F|  |TAMS 0x000000070b400000, 0x000000070b400000| Untracked 
|  91|0x000000070b600000, 0x000000070b600000, 0x000000070b800000|  0%| F|  |TAMS 0x000000070b600000, 0x000000070b600000| Untracked 
|  92|0x000000070b800000, 0x000000070b800000, 0x000000070ba00000|  0%| F|  |TAMS 0x000000070b800000, 0x000000070b800000| Untracked 
|  93|0x000000070ba00000, 0x000000070ba00000, 0x000000070bc00000|  0%| F|  |TAMS 0x000000070ba00000, 0x000000070ba00000| Untracked 
|  94|0x000000070bc00000, 0x000000070bc00000, 0x000000070be00000|  0%| F|  |TAMS 0x000000070bc00000, 0x000000070bc00000| Untracked 
|  95|0x000000070be00000, 0x000000070be00000, 0x000000070c000000|  0%| F|  |TAMS 0x000000070be00000, 0x000000070be00000| Untracked 
|  96|0x000000070c000000, 0x000000070c000000, 0x000000070c200000|  0%| F|  |TAMS 0x000000070c000000, 0x000000070c000000| Untracked 
|  97|0x000000070c200000, 0x000000070c200000, 0x000000070c400000|  0%| F|  |TAMS 0x000000070c200000, 0x000000070c200000| Untracked 
|  98|0x000000070c400000, 0x000000070c400000, 0x000000070c600000|  0%| F|  |TAMS 0x000000070c400000, 0x000000070c400000| Untracked 
|  99|0x000000070c600000, 0x000000070c600000, 0x000000070c800000|  0%| F|  |TAMS 0x000000070c600000, 0x000000070c600000| Untracked 
| 100|0x000000070c800000, 0x000000070c800000, 0x000000070ca00000|  0%| F|  |TAMS 0x000000070c800000, 0x000000070c800000| Untracked 
| 101|0x000000070ca00000, 0x000000070ca00000, 0x000000070cc00000|  0%| F|  |TAMS 0x000000070ca00000, 0x000000070ca00000| Untracked 
| 102|0x000000070cc00000, 0x000000070cc00000, 0x000000070ce00000|  0%| F|  |TAMS 0x000000070cc00000, 0x000000070cc00000| Untracked 
| 103|0x000000070ce00000, 0x000000070ce00000, 0x000000070d000000|  0%| F|  |TAMS 0x000000070ce00000, 0x000000070ce00000| Untracked 
| 104|0x000000070d000000, 0x000000070d000000, 0x000000070d200000|  0%| F|  |TAMS 0x000000070d000000, 0x000000070d000000| Untracked 
| 105|0x000000070d200000, 0x000000070d200000, 0x000000070d400000|  0%| F|  |TAMS 0x000000070d200000, 0x000000070d200000| Untracked 
| 106|0x000000070d400000, 0x000000070d400000, 0x000000070d600000|  0%| F|  |TAMS 0x000000070d400000, 0x000000070d400000| Untracked 
| 107|0x000000070d600000, 0x000000070d600000, 0x000000070d800000|  0%| F|  |TAMS 0x000000070d600000, 0x000000070d600000| Untracked 
| 108|0x000000070d800000, 0x000000070d800000, 0x000000070da00000|  0%| F|  |TAMS 0x000000070d800000, 0x000000070d800000| Untracked 
| 109|0x000000070da00000, 0x000000070da00000, 0x000000070dc00000|  0%| F|  |TAMS 0x000000070da00000, 0x000000070da00000| Untracked 
| 110|0x000000070dc00000, 0x000000070dc00000, 0x000000070de00000|  0%| F|  |TAMS 0x000000070dc00000, 0x000000070dc00000| Untracked 
| 111|0x000000070de00000, 0x000000070de00000, 0x000000070e000000|  0%| F|  |TAMS 0x000000070de00000, 0x000000070de00000| Untracked 
| 112|0x000000070e000000, 0x000000070e000000, 0x000000070e200000|  0%| F|  |TAMS 0x000000070e000000, 0x000000070e000000| Untracked 
| 113|0x000000070e200000, 0x000000070e200000, 0x000000070e400000|  0%| F|  |TAMS 0x000000070e200000, 0x000000070e200000| Untracked 
| 114|0x000000070e400000, 0x000000070e400000, 0x000000070e600000|  0%| F|  |TAMS 0x000000070e400000, 0x000000070e400000| Untracked 
| 115|0x000000070e600000, 0x000000070e600000, 0x000000070e800000|  0%| F|  |TAMS 0x000000070e600000, 0x000000070e600000| Untracked 
| 116|0x000000070e800000, 0x000000070e800000, 0x000000070ea00000|  0%| F|  |TAMS 0x000000070e800000, 0x000000070e800000| Untracked 
| 117|0x000000070ea00000, 0x000000070ea00000, 0x000000070ec00000|  0%| F|  |TAMS 0x000000070ea00000, 0x000000070ea00000| Untracked 
| 118|0x000000070ec00000, 0x000000070ec00000, 0x000000070ee00000|  0%| F|  |TAMS 0x000000070ec00000, 0x000000070ec00000| Untracked 
| 119|0x000000070ee00000, 0x000000070ee00000, 0x000000070f000000|  0%| F|  |TAMS 0x000000070ee00000, 0x000000070ee00000| Untracked 
| 120|0x000000070f000000, 0x000000070f000000, 0x000000070f200000|  0%| F|  |TAMS 0x000000070f000000, 0x000000070f000000| Untracked 
| 121|0x000000070f200000, 0x000000070f200000, 0x000000070f400000|  0%| F|  |TAMS 0x000000070f200000, 0x000000070f200000| Untracked 
| 122|0x000000070f400000, 0x000000070f400000, 0x000000070f600000|  0%| F|  |TAMS 0x000000070f400000, 0x000000070f400000| Untracked 
| 123|0x000000070f600000, 0x000000070f600000, 0x000000070f800000|  0%| F|  |TAMS 0x000000070f600000, 0x000000070f600000| Untracked 
| 124|0x000000070f800000, 0x000000070f800000, 0x000000070fa00000|  0%| F|  |TAMS 0x000000070f800000, 0x000000070f800000| Untracked 
| 125|0x000000070fa00000, 0x000000070fa00000, 0x000000070fc00000|  0%| F|  |TAMS 0x000000070fa00000, 0x000000070fa00000| Untracked 
| 126|0x000000070fc00000, 0x000000070fc00000, 0x000000070fe00000|  0%| F|  |TAMS 0x000000070fc00000, 0x000000070fc00000| Untracked 
| 127|0x000000070fe00000, 0x0000000710000000, 0x0000000710000000|100%| E|  |TAMS 0x000000070fe00000, 0x000000070fe00000| Complete 

Card table byte_map: [0x0000000126027000,0x0000000126827000] _byte_map_base: 0x0000000122827000

Marking Bits (Prev, Next): (CMBitMap*) 0x00007fbd57026610, (CMBitMap*) 0x00007fbd57026650
 Prev Bits: [0x0000000127027000, 0x000000012b027000)
 Next Bits: [0x000000012b027000, 0x000000012f027000)

Polling page: 0x0000000104114000

Metaspace:

Usage:
  Non-class:      6.10 MB capacity,     5.99 MB ( 98%) used,   109.52 KB (  2%) free+waste,     2.75 KB ( <1%) overhead. 
      Class:    591.00 KB capacity,   571.03 KB ( 97%) used,    19.03 KB (  3%) free+waste,   960 bytes ( <1%) overhead. 
       Both:      6.67 MB capacity,     6.54 MB ( 98%) used,   128.55 KB (  2%) free+waste,     3.69 KB ( <1%) overhead. 

Virtual space:
  Non-class space:        8.00 MB reserved,       6.25 MB ( 78%) committed 
      Class space:        1.00 GB reserved,     640.00 KB ( <1%) committed 
             Both:        1.01 GB reserved,       6.88 MB ( <1%) committed 

Chunk freelists:
   Non-Class:  62.00 KB
       Class:  17.00 KB
        Both:  79.00 KB

MaxMetaspaceSize: 17179869184.00 GB
CompressedClassSpaceSize: 1.00 GB

CodeHeap 'non-profiled nmethods': size=120028Kb used=55Kb max_used=55Kb free=119972Kb
 bounds [0x000000011e2f0000, 0x000000011e560000, 0x0000000125827000]
CodeHeap 'profiled nmethods': size=120028Kb used=251Kb max_used=251Kb free=119776Kb
 bounds [0x0000000116db9000, 0x0000000117029000, 0x000000011e2f0000]
CodeHeap 'non-nmethods': size=5704Kb used=1107Kb max_used=1120Kb free=4596Kb
 bounds [0x0000000116827000, 0x0000000116a97000, 0x0000000116db9000]
 total_blobs=560 nmethods=206 adapters=269
 compilation: enabled
              stopped_count=0, restarted_count=0
 full_count=0

Compilation events (20 events):
Event: 0.278 Thread 0x00007fbd5800c400  194       3       java.util.regex.Pattern::has (15 bytes)
Event: 0.279 Thread 0x00007fbd5800c400 nmethod 194 0x0000000116df3990 code [0x0000000116df3b20, 0x0000000116df3c70]
Event: 0.280 Thread 0x00007fbd5800c400  196   !   3       java.lang.invoke.MemberName::getMethodType (203 bytes)
Event: 0.281 Thread 0x00007fbd5800c400 nmethod 196 0x0000000116df3d10 code [0x0000000116df3fe0, 0x0000000116df55b0]
Event: 0.281 Thread 0x00007fbd5800c400  198       3       java.lang.invoke.MethodType::equals (56 bytes)
Event: 0.281 Thread 0x00007fbd5800c400 nmethod 198 0x0000000116df5b90 code [0x0000000116df5da0, 0x0000000116df68f0]
Event: 0.281 Thread 0x00007fbd5800c400  197       1       sun.invoke.util.Wrapper::basicTypeChar (5 bytes)
Event: 0.281 Thread 0x00007fbd5800c400 nmethod 197 0x000000011e2fd490 code [0x000000011e2fd620, 0x000000011e2fd6d0]
Event: 0.282 Thread 0x00007fbd5800c400  201       3       java.util.regex.ASCII::isAscii (13 bytes)
Event: 0.283 Thread 0x00007fbd5800c400 nmethod 201 0x0000000116df6a90 code [0x0000000116df6c20, 0x0000000116df6d50]
Event: 0.283 Thread 0x00007fbd5800c400  202       3       java.util.regex.Pattern::peek (26 bytes)
Event: 0.283 Thread 0x00007fbd5800c400 nmethod 202 0x0000000116df6e10 code [0x0000000116df6fc0, 0x0000000116df7220]
Event: 0.283 Thread 0x00007fbd5800c400  203       3       java.util.regex.Pattern::next (33 bytes)
Event: 0.284 Thread 0x00007fbd5800c400 nmethod 203 0x0000000116df7390 code [0x0000000116df7540, 0x0000000116df77a0]
Event: 0.284 Thread 0x00007fbd5800c400  204       3       java.util.regex.Pattern::read (33 bytes)
Event: 0.284 Thread 0x00007fbd5800c400 nmethod 204 0x0000000116df7910 code [0x0000000116df7ac0, 0x0000000116df7d20]
Event: 2.442 Thread 0x00007fbd5800c400  205       1       java.nio.Buffer::limit (5 bytes)
Event: 2.442 Thread 0x00007fbd5800c400 nmethod 205 0x000000011e2fd790 code [0x000000011e2fd920, 0x000000011e2fd9d0]
Event: 3.244 Thread 0x00007fbd5800c400  206       1       java.nio.Buffer::position (5 bytes)
Event: 3.245 Thread 0x00007fbd5800c400 nmethod 206 0x000000011e2fda90 code [0x000000011e2fdc20, 0x000000011e2fdcd0]

GC Heap History (0 events):
No events

Deoptimization events (4 events):
Event: 0.134 Thread 0x00007fbd5881a800 Uncommon trap: trap_request=0xffffff45 fr.pc=0x000000011e2f3e30 relative=0x00000000000001b0
Event: 0.134 Thread 0x00007fbd5881a800 Uncommon trap: reason=unstable_if action=reinterpret pc=0x000000011e2f3e30 method=java.lang.String.hashCode()I @ 13 c2
Event: 0.134 Thread 0x00007fbd5881a800 DEOPT PACKING pc=0x000000011e2f3e30 sp=0x000000030c85abd0
Event: 0.134 Thread 0x00007fbd5881a800 DEOPT UNPACKING pc=0x0000000116874e1f sp=0x000000030c85ab80 mode 2

Classes unloaded (0 events):
No events

Classes redefined (0 events):
No events

Internal exceptions (0 events):
No events

Events (20 events):
Event: 0.269 loading class java/math/RoundingMode
Event: 0.269 loading class java/math/RoundingMode done
Event: 0.275 loading class java/util/regex/ASCII
Event: 0.275 loading class java/util/regex/ASCII done
Event: 0.275 loading class java/util/regex/Pattern$GroupTail
Event: 0.275 loading class java/util/regex/Pattern$GroupTail done
Event: 0.275 loading class java/util/regex/Pattern$Ques
Event: 0.275 loading class java/util/regex/Pattern$Ques done
Event: 0.278 loading class java/util/regex/Pattern$Curly
Event: 0.278 loading class java/util/regex/Pattern$Curly done
Event: 0.278 loading class java/util/regex/Pattern$BranchConn
Event: 0.278 loading class java/util/regex/Pattern$BranchConn done
Event: 0.278 loading class java/util/regex/Pattern$Branch
Event: 0.279 loading class java/util/regex/Pattern$Branch done
Event: 0.282 loading class java/util/regex/Pattern$GroupCurly
Event: 0.283 loading class java/util/regex/Pattern$GroupCurly done
Event: 1.050 Executing VM operation: HandshakeAllThreads
Event: 1.050 Executing VM operation: HandshakeAllThreads done
Event: 2.132 loading class java/util/regex/Pattern$1
Event: 2.132 loading class java/util/regex/Pattern$1 done


Dynamic libraries:
0x00007ffdffde8000 	/Library/Apple/usr/libexec/oah/runtime
0x00007fff2a60d000 	/usr/lib/libz.1.dylib
0x000000010c3b8000 	/Users/mingssok/.p2/pool/plugins/org.eclipse.justj.openjdk.hotspot.jre.full.macosx.x86_64_15.0.1.v20201027-0507/jre/lib/libjli.dylib
0x00007fff352bf000 	/System/Library/Frameworks/Cocoa.framework/Versions/A/Cocoa
0x00007fff22164000 	/System/Library/Frameworks/Security.framework/Versions/A/Security
0x00007fff334bc000 	/System/Library/Frameworks/ApplicationServices.framework/Versions/A/ApplicationServices
0x00007fff2a6d9000 	/usr/lib/libSystem.B.dylib
0x00007fff2a6d3000 	/usr/lib/system/libcache.dylib
0x00007fff2a68f000 	/usr/lib/system/libcommonCrypto.dylib
0x00007fff2a6b9000 	/usr/lib/system/libcompiler_rt.dylib
0x00007fff2a6ae000 	/usr/lib/system/libcopyfile.dylib
0x00007fff20102000 	/usr/lib/system/libcorecrypto.dylib
0x00007fff201cf000 	/usr/lib/system/libdispatch.dylib
0x00007fff20384000 	/usr/lib/system/libdyld.dylib
0x00007fff2a6ca000 	/usr/lib/system/libkeymgr.dylib
0x00007fff2dc6e000 	/usr/lib/system/liblaunch.dylib
0x00007fff2a66d000 	/usr/lib/system/libmacho.dylib
0x00007fff29e82000 	/usr/lib/system/libquarantine.dylib
0x00007fff2a6c7000 	/usr/lib/system/libremovefile.dylib
0x00007fff24afb000 	/usr/lib/system/libsystem_asl.dylib
0x00007fff200b2000 	/usr/lib/system/libsystem_blocks.dylib
0x00007fff20251000 	/usr/lib/system/libsystem_c.dylib
0x00007fff2a6c1000 	/usr/lib/system/libsystem_collections.dylib
0x00007fff2926f000 	/usr/lib/system/libsystem_configuration.dylib
0x00007fff2855b000 	/usr/lib/system/libsystem_containermanager.dylib
0x00007fff2a405000 	/usr/lib/system/libsystem_coreservices.dylib
0x00007fff22718000 	/usr/lib/system/libsystem_darwin.dylib
0x00007fff2a6cb000 	/usr/lib/system/libsystem_dnssd.dylib
0x00007fff2024e000 	/usr/lib/system/libsystem_featureflags.dylib
0x00007fff203c9000 	/usr/lib/system/libsystem_info.dylib
0x00007fff2a620000 	/usr/lib/system/libsystem_m.dylib
0x00007fff201a2000 	/usr/lib/system/libsystem_malloc.dylib
0x00007fff24a8f000 	/usr/lib/system/libsystem_networkextension.dylib
0x00007fff22b33000 	/usr/lib/system/libsystem_notify.dylib
0x00007fff30122000 	/usr/lib/system/libsystem_product_info_filter.dylib
0x00007fff29273000 	/usr/lib/system/libsystem_sandbox.dylib
0x00007fff2a6c4000 	/usr/lib/system/libsystem_secinit.dylib
0x00007fff20349000 	/usr/lib/system/libsystem_kernel.dylib
0x00007fff203bf000 	/usr/lib/system/libsystem_platform.dylib
0x00007fff20378000 	/usr/lib/system/libsystem_pthread.dylib
0x00007fff26229000 	/usr/lib/system/libsystem_symptoms.dylib
0x00007fff200ea000 	/usr/lib/system/libsystem_trace.dylib
0x00007fff2a69b000 	/usr/lib/system/libunwind.dylib
0x00007fff200b4000 	/usr/lib/system/libxpc.dylib
0x00007fff20330000 	/usr/lib/libc++abi.dylib
0x00007fff20214000 	/usr/lib/libobjc.A.dylib
0x00007fff2a6a6000 	/usr/lib/liboah.dylib
0x00007fff202da000 	/usr/lib/libc++.1.dylib
0x00007fff203f5000 	/System/Library/Frameworks/CoreFoundation.framework/Versions/A/CoreFoundation
0x00007fff210d7000 	/System/Library/Frameworks/Foundation.framework/Versions/C/Foundation
0x00007fff22b8b000 	/System/Library/Frameworks/AppKit.framework/Versions/C/AppKit
0x00007fff25a49000 	/System/Library/Frameworks/CoreData.framework/Versions/A/CoreData
0x00007fff238ee000 	/System/Library/PrivateFrameworks/UIFoundation.framework/Versions/A/UIFoundation
0x00007fff2fe9b000 	/System/Library/PrivateFrameworks/RemoteViewServices.framework/Versions/A/RemoteViewServices
0x00007fff28c25000 	/System/Library/PrivateFrameworks/XCTTargetBootstrap.framework/Versions/A/XCTTargetBootstrap
0x00007fff2b977000 	/usr/lib/libspindump.dylib
0x00007fff23b43000 	/System/Library/Frameworks/UniformTypeIdentifiers.framework/Versions/A/UniformTypeIdentifiers
0x00007fff273fb000 	/usr/lib/libapp_launch_measurement.dylib
0x00007fff273fe000 	/System/Library/PrivateFrameworks/CoreAutoLayout.framework/Versions/A/CoreAutoLayout
0x00007fff28587000 	/System/Library/Frameworks/Metal.framework/Versions/A/Metal
0x00007fff2927e000 	/usr/lib/liblangid.dylib
0x00007fff28c29000 	/System/Library/PrivateFrameworks/CoreSVG.framework/Versions/A/CoreSVG
0x00007fff24b2a000 	/System/Library/PrivateFrameworks/SkyLight.framework/Versions/A/SkyLight
0x00007fff24e91000 	/System/Library/Frameworks/CoreGraphics.framework/Versions/A/CoreGraphics
0x00007fff304f2000 	/System/Library/Frameworks/Accelerate.framework/Versions/A/Accelerate
0x00007fff2b3b2000 	/System/Library/PrivateFrameworks/IconServices.framework/Versions/A/IconServices
0x00007fff2856c000 	/System/Library/Frameworks/IOSurface.framework/Versions/A/IOSurface
0x00007fff263db000 	/usr/lib/libDiagnosticMessagesClient.dylib
0x00007fff28c11000 	/System/Library/PrivateFrameworks/DFRFoundation.framework/Versions/A/DFRFoundation
0x00007fff224b6000 	/usr/lib/libicucore.A.dylib
0x00007fff2cebc000 	/System/Library/Frameworks/AudioToolbox.framework/Versions/A/AudioToolbox
0x00007fff2c161000 	/System/Library/PrivateFrameworks/DataDetectorsCore.framework/Versions/A/DataDetectorsCore
0x00007fff28911000 	/System/Library/Frameworks/Carbon.framework/Versions/A/Frameworks/HIToolbox.framework/Versions/A/HIToolbox
0x00007fff26e56000 	/System/Library/Frameworks/QuartzCore.framework/Versions/A/QuartzCore
0x00007fff2fed7000 	/System/Library/Frameworks/Carbon.framework/Versions/A/Frameworks/SpeechRecognition.framework/Versions/A/SpeechRecognition
0x00007fff27163000 	/System/Library/PrivateFrameworks/CoreUI.framework/Versions/A/CoreUI
0x00007fff21abf000 	/System/Library/Frameworks/CoreAudio.framework/Versions/A/CoreAudio
0x00007fff264c6000 	/System/Library/Frameworks/DiskArbitration.framework/Versions/A/DiskArbitration
0x00007fff2bd71000 	/System/Library/PrivateFrameworks/MultitouchSupport.framework/Versions/A/MultitouchSupport
0x00007fff2c158000 	/System/Library/PrivateFrameworks/InternationalSupport.framework/Versions/A/InternationalSupport
0x00007fff24a9e000 	/usr/lib/libenergytrace.dylib
0x00007fff22a84000 	/System/Library/Frameworks/IOKit.framework/Versions/A/IOKit
0x00007fff30224000 	/System/Library/Frameworks/CoreServices.framework/Versions/A/CoreServices
0x00007fff27391000 	/System/Library/PrivateFrameworks/PerformanceAnalysis.framework/Versions/A/PerformanceAnalysis
0x00007fff6cb99000 	/System/Library/Frameworks/OpenGL.framework/Versions/A/OpenGL
0x00007fff2c1dd000 	/System/Library/PrivateFrameworks/UserActivity.framework/Versions/A/UserActivity
0x00007fff2554b000 	/System/Library/Frameworks/ColorSync.framework/Versions/A/ColorSync
0x00007fff28e95000 	/System/Library/Frameworks/CoreImage.framework/Versions/A/CoreImage
0x00007fff218d6000 	/System/Library/Frameworks/CoreText.framework/Versions/A/CoreText
0x00007fff28c53000 	/System/Library/Frameworks/ImageIO.framework/Versions/A/ImageIO
0x00007fff2a6df000 	/System/Library/PrivateFrameworks/SoftLinking.framework/Versions/A/SoftLinking
0x00007fff27447000 	/usr/lib/libxml2.2.dylib
0x00007fff2a951000 	/usr/lib/libcompression.dylib
0x00007fff24a9f000 	/usr/lib/libMobileGestalt.dylib
0x00007fff2c08b000 	/System/Library/PrivateFrameworks/TextureIO.framework/Versions/A/TextureIO
0x00007fff2b03f000 	/usr/lib/libate.dylib
0x00007fff2ad6a000 	/usr/lib/liblzma.5.dylib
0x00007fff20deb000 	/System/Library/Frameworks/SystemConfiguration.framework/Versions/A/SystemConfiguration
0x00007fff2a6db000 	/usr/lib/libfakelink.dylib
0x00007fff245f1000 	/System/Library/Frameworks/CFNetwork.framework/Versions/A/CFNetwork
0x00007fff2a81b000 	/usr/lib/libarchive.2.dylib
0x00007fff20e69000 	/usr/lib/libCRFSuite.dylib
0x00007fff29ea9000 	/usr/lib/libbsm.0.dylib
0x00007fff23fad000 	/usr/lib/libnetwork.dylib
0x00007fff2a6e0000 	/usr/lib/libpcap.A.dylib
0x00007fff26222000 	/usr/lib/libdns_services.dylib
0x00007fff2ad83000 	/usr/lib/libcoretls_cfhelpers.dylib
0x00007fff2a91f000 	/usr/lib/libapple_nghttp2.dylib
0x00007fff2a673000 	/usr/lib/system/libkxld.dylib
0x00007fff25e90000 	/usr/lib/libsqlite3.dylib
0x00007fff2a3e7000 	/System/Library/PrivateFrameworks/AppleFSCompression.framework/Versions/A/AppleFSCompression
0x00007fff29e91000 	/usr/lib/libcoretls.dylib
0x00007fff2a94c000 	/usr/lib/libpam.2.dylib
0x00007fff2ae80000 	/usr/lib/libxar.1.dylib
0x00007fff2927a000 	/System/Library/PrivateFrameworks/AppleSystemInfo.framework/Versions/A/AppleSystemInfo
0x00007fff29ad4000 	/System/Library/PrivateFrameworks/IOMobileFramebuffer.framework/Versions/A/IOMobileFramebuffer
0x00007fff2a3f7000 	/usr/lib/libbz2.1.0.dylib
0x00007fff2a718000 	/usr/lib/libiconv.2.dylib
0x00007fff2a66c000 	/usr/lib/libcharset.1.dylib
0x00007fff273cd000 	/System/Library/Frameworks/CoreServices.framework/Versions/A/Frameworks/FSEvents.framework/Versions/A/FSEvents
0x00007fff22722000 	/System/Library/Frameworks/CoreServices.framework/Versions/A/Frameworks/CarbonCore.framework/Versions/A/CarbonCore
0x00007fff2642b000 	/System/Library/Frameworks/CoreServices.framework/Versions/A/Frameworks/Metadata.framework/Versions/A/Metadata
0x00007fff2a40a000 	/System/Library/Frameworks/CoreServices.framework/Versions/A/Frameworks/OSServices.framework/Versions/A/OSServices
0x00007fff2a88d000 	/System/Library/Frameworks/CoreServices.framework/Versions/A/Frameworks/SearchKit.framework/Versions/A/SearchKit
0x00007fff261ac000 	/System/Library/Frameworks/CoreServices.framework/Versions/A/Frameworks/AE.framework/Versions/A/AE
0x00007fff20891000 	/System/Library/Frameworks/CoreServices.framework/Versions/A/Frameworks/LaunchServices.framework/Versions/A/LaunchServices
0x00007fff2ad1b000 	/System/Library/Frameworks/CoreServices.framework/Versions/A/Frameworks/DictionaryServices.framework/Versions/A/DictionaryServices
0x00007fff273d6000 	/System/Library/Frameworks/CoreServices.framework/Versions/A/Frameworks/SharedFileList.framework/Versions/A/SharedFileList
0x00007fff29e85000 	/usr/lib/libCheckFix.dylib
0x00007fff24b12000 	/System/Library/PrivateFrameworks/TCC.framework/Versions/A/TCC
0x00007fff29280000 	/System/Library/PrivateFrameworks/CoreNLP.framework/Versions/A/CoreNLP
0x00007fff263de000 	/System/Library/PrivateFrameworks/MetadataUtilities.framework/Versions/A/MetadataUtilities
0x00007fff20e9f000 	/usr/lib/libmecabra.dylib
0x00007fff2a199000 	/System/Library/Frameworks/MLCompute.framework/Versions/A/MLCompute
0x00007fff29eba000 	/usr/lib/libmecab.dylib
0x00007fff29f04000 	/usr/lib/libgermantok.dylib
0x00007fff2a8f5000 	/usr/lib/libThaiTokenizer.dylib
0x00007fff2aebb000 	/usr/lib/libChineseTokenizer.dylib
0x00007fff2a94a000 	/System/Library/Frameworks/MetalPerformanceShaders.framework/Versions/A/MetalPerformanceShaders
0x00007fff264cd000 	/System/Library/Frameworks/Accelerate.framework/Versions/A/Frameworks/vImage.framework/Versions/A/vImage
0x00007fff301fd000 	/System/Library/Frameworks/Accelerate.framework/Versions/A/Frameworks/vecLib.framework/Versions/A/vecLib
0x00007fff2aec6000 	/System/Library/Frameworks/Accelerate.framework/Versions/A/Frameworks/vecLib.framework/Versions/A/libvMisc.dylib
0x00007fff29930000 	/System/Library/Frameworks/Accelerate.framework/Versions/A/Frameworks/vecLib.framework/Versions/A/libvDSP.dylib
0x00007fff20b95000 	/System/Library/Frameworks/Accelerate.framework/Versions/A/Frameworks/vecLib.framework/Versions/A/libBLAS.dylib
0x00007fff2a970000 	/System/Library/Frameworks/Accelerate.framework/Versions/A/Frameworks/vecLib.framework/Versions/A/libLAPACK.dylib
0x00007fff29f0a000 	/System/Library/Frameworks/Accelerate.framework/Versions/A/Frameworks/vecLib.framework/Versions/A/libLinearAlgebra.dylib
0x00007fff2a937000 	/System/Library/Frameworks/Accelerate.framework/Versions/A/Frameworks/vecLib.framework/Versions/A/libSparseBLAS.dylib
0x00007fff2a96a000 	/System/Library/Frameworks/Accelerate.framework/Versions/A/Frameworks/vecLib.framework/Versions/A/libQuadrature.dylib
0x00007fff29328000 	/System/Library/Frameworks/Accelerate.framework/Versions/A/Frameworks/vecLib.framework/Versions/A/libBNNS.dylib
0x00007fff20d7c000 	/System/Library/Frameworks/Accelerate.framework/Versions/A/Frameworks/vecLib.framework/Versions/A/libSparse.dylib
0x00007fff29213000 	/System/Library/Frameworks/MetalPerformanceShaders.framework/Versions/A/Frameworks/MPSCore.framework/Versions/A/MPSCore
0x00007fff2a356000 	/System/Library/Frameworks/MetalPerformanceShaders.framework/Versions/A/Frameworks/MPSImage.framework/Versions/A/MPSImage
0x00007fff29f21000 	/System/Library/Frameworks/MetalPerformanceShaders.framework/Versions/A/Frameworks/MPSNeuralNetwork.framework/Versions/A/MPSNeuralNetwork
0x00007fff2a2e1000 	/System/Library/Frameworks/MetalPerformanceShaders.framework/Versions/A/Frameworks/MPSMatrix.framework/Versions/A/MPSMatrix
0x00007fff2a149000 	/System/Library/Frameworks/MetalPerformanceShaders.framework/Versions/A/Frameworks/MPSRayIntersector.framework/Versions/A/MPSRayIntersector
0x00007fff2a318000 	/System/Library/Frameworks/MetalPerformanceShaders.framework/Versions/A/Frameworks/MPSNDArray.framework/Versions/A/MPSNDArray
0x00007fff20ac1000 	/System/Library/PrivateFrameworks/MetalTools.framework/Versions/A/MetalTools
0x00007fff29278000 	/System/Library/PrivateFrameworks/AggregateDictionary.framework/Versions/A/AggregateDictionary
0x00007fff263b6000 	/System/Library/PrivateFrameworks/CoreAnalytics.framework/Versions/A/CoreAnalytics
0x00007fff2a8f7000 	/System/Library/PrivateFrameworks/AppleSauce.framework/Versions/A/AppleSauce
0x00007fff2857e000 	/System/Library/PrivateFrameworks/IOAccelerator.framework/Versions/A/IOAccelerator
0x00007fff6cb8d000 	/System/Library/Frameworks/OpenGL.framework/Versions/A/Libraries/libCoreFSCache.dylib
0x00007fff2143b000 	/System/Library/PrivateFrameworks/LanguageModeling.framework/Versions/A/LanguageModeling
0x00007fff29ac1000 	/System/Library/PrivateFrameworks/CoreEmoji.framework/Versions/A/CoreEmoji
0x00007fff29321000 	/System/Library/PrivateFrameworks/LinguisticData.framework/Versions/A/LinguisticData
0x00007fff20d2e000 	/System/Library/PrivateFrameworks/Lexicon.framework/Versions/A/Lexicon
0x00007fff2a809000 	/usr/lib/libcmph.dylib
0x00007fff273ad000 	/System/Library/Frameworks/OpenDirectory.framework/Versions/A/Frameworks/CFOpenDirectory.framework/Versions/A/CFOpenDirectory
0x00007fff2739d000 	/System/Library/Frameworks/OpenDirectory.framework/Versions/A/OpenDirectory
0x00007fff2ad85000 	/System/Library/PrivateFrameworks/APFS.framework/Versions/A/APFS
0x00007fff29de6000 	/System/Library/Frameworks/SecurityFoundation.framework/Versions/A/SecurityFoundation
0x00007fff2ae8e000 	/usr/lib/libutil.dylib
0x00007fff22a49000 	/System/Library/PrivateFrameworks/CoreServicesStore.framework/Versions/A/CoreServicesStore
0x00007fff29e7d000 	/System/Library/Frameworks/ServiceManagement.framework/Versions/A/ServiceManagement
0x00007fff2ae92000 	/usr/lib/libxslt.1.dylib
0x00007fff29e73000 	/System/Library/PrivateFrameworks/BackgroundTaskManagement.framework/Versions/A/BackgroundTaskManagement
0x00007fff2bfd6000 	/System/Library/Frameworks/ImageIO.framework/Versions/A/Resources/libRadiance.dylib
0x00007fff2bfdf000 	/System/Library/Frameworks/ImageIO.framework/Versions/A/Resources/libJPEG.dylib
0x00007fff2bf2b000 	/System/Library/Frameworks/ImageIO.framework/Versions/A/Resources/libPng.dylib
0x00007fff2bf52000 	/System/Library/Frameworks/ImageIO.framework/Versions/A/Resources/libTIFF.dylib
0x00007fff2c034000 	/System/Library/Frameworks/ImageIO.framework/Versions/A/Resources/libGIF.dylib
0x00007fff2bc8f000 	/System/Library/Frameworks/ImageIO.framework/Versions/A/Resources/libJP2.dylib
0x00007fff2b379000 	/usr/lib/libexpat.1.dylib
0x00007fff2bc44000 	/System/Library/PrivateFrameworks/AppleJPEG.framework/Versions/A/AppleJPEG
0x00007fff287b4000 	/System/Library/PrivateFrameworks/FontServices.framework/libFontParser.dylib
0x00007fff26160000 	/System/Library/PrivateFrameworks/RunningBoardServices.framework/Versions/A/RunningBoardServices
0x00007fff2bd6d000 	/System/Library/PrivateFrameworks/WatchdogClient.framework/Versions/A/WatchdogClient
0x00007fff21528000 	/System/Library/Frameworks/CoreDisplay.framework/Versions/A/CoreDisplay
0x00007fff286ca000 	/System/Library/Frameworks/CoreMedia.framework/Versions/A/CoreMedia
0x00007fff2752a000 	/System/Library/Frameworks/CoreVideo.framework/Versions/A/CoreVideo
0x00007fff2bda5000 	/System/Library/Frameworks/VideoToolbox.framework/Versions/A/VideoToolbox
0x00007fff260de000 	/System/Library/PrivateFrameworks/BaseBoard.framework/Versions/A/BaseBoard
0x00007fff2b4be000 	/System/Library/PrivateFrameworks/PersistentConnection.framework/Versions/A/PersistentConnection
0x00007fff25e79000 	/System/Library/PrivateFrameworks/ProtocolBuffer.framework/Versions/A/ProtocolBuffer
0x00007fff260c5000 	/System/Library/PrivateFrameworks/CommonUtilities.framework/Versions/A/CommonUtilities
0x00007fff2bbd9000 	/System/Library/PrivateFrameworks/Bom.framework/Versions/A/Bom
0x00007fff2bfcf000 	/System/Library/PrivateFrameworks/GPUWrangler.framework/Versions/A/GPUWrangler
0x00007fff2bfb2000 	/System/Library/PrivateFrameworks/IOPresentment.framework/Versions/A/IOPresentment
0x00007fff2bfd9000 	/System/Library/PrivateFrameworks/DSExternalDisplay.framework/Versions/A/DSExternalDisplay
0x00007fff2c039000 	/System/Library/PrivateFrameworks/CMCaptureCore.framework/Versions/A/CMCaptureCore
0x00007fff2b95e000 	/System/Library/PrivateFrameworks/AppServerSupport.framework/Versions/A/AppServerSupport
0x00007fff2da0d000 	/System/Library/PrivateFrameworks/perfdata.framework/Versions/A/perfdata
0x00007fff29dd5000 	/System/Library/PrivateFrameworks/AssertionServices.framework/Versions/A/AssertionServices
0x00007fff2165f000 	/System/Library/PrivateFrameworks/AudioToolboxCore.framework/Versions/A/AudioToolboxCore
0x00007fff286ad000 	/System/Library/PrivateFrameworks/caulk.framework/Versions/A/caulk
0x00007fff3d6b8000 	/System/Library/PrivateFrameworks/SystemPolicy.framework/Versions/A/SystemPolicy
0x00007fff2b16e000 	/usr/lib/libIOReport.dylib
0x00007fff2d22f000 	/usr/lib/libSMC.dylib
0x00007fff2bef8000 	/usr/lib/libAudioToolboxUtility.dylib
0x00007fff3e022000 	/usr/lib/libmis.dylib
0x00007fff6cbe9000 	/System/Library/Frameworks/OpenGL.framework/Versions/A/Libraries/libGLU.dylib
0x00007fff6cbac000 	/System/Library/Frameworks/OpenGL.framework/Versions/A/Libraries/libGFXShared.dylib
0x00007fff6cdbb000 	/System/Library/Frameworks/OpenGL.framework/Versions/A/Libraries/libGL.dylib
0x00007fff6cbb5000 	/System/Library/Frameworks/OpenGL.framework/Versions/A/Libraries/libGLImage.dylib
0x00007fff6cba9000 	/System/Library/Frameworks/OpenGL.framework/Versions/A/Libraries/libCVMSPluginSupport.dylib
0x00007fff6cb94000 	/System/Library/Frameworks/OpenGL.framework/Versions/A/Libraries/libCoreVMClient.dylib
0x00007fff6e1fc000 	/System/Library/Frameworks/OpenCL.framework/Versions/A/OpenCL
0x00007fff2b4e8000 	/System/Library/PrivateFrameworks/GraphVisualizer.framework/Versions/A/GraphVisualizer
0x00007fff2b4f7000 	/System/Library/PrivateFrameworks/FaceCore.framework/Versions/A/FaceCore
0x00007fff2b913000 	/System/Library/PrivateFrameworks/OTSVG.framework/Versions/A/OTSVG
0x00007fff27121000 	/System/Library/Frameworks/ApplicationServices.framework/Versions/A/Frameworks/ATS.framework/Versions/A/Resources/libFontRegistry.dylib
0x00007fff2b965000 	/System/Library/PrivateFrameworks/FontServices.framework/libhvf.dylib
0x00007fff2b325000 	/System/Library/PrivateFrameworks/AppleVA.framework/Versions/A/AppleVA
0x00007fff2d078000 	/System/Library/Frameworks/ApplicationServices.framework/Versions/A/Frameworks/ATS.framework/Versions/A/ATS
0x00007fff2d38a000 	/System/Library/Frameworks/ApplicationServices.framework/Versions/A/Frameworks/ColorSyncLegacy.framework/Versions/A/ColorSyncLegacy
0x00007fff25642000 	/System/Library/Frameworks/ApplicationServices.framework/Versions/A/Frameworks/HIServices.framework/Versions/A/HIServices
0x00007fff2d36f000 	/System/Library/Frameworks/ApplicationServices.framework/Versions/A/Frameworks/LangAnalysis.framework/Versions/A/LangAnalysis
0x00007fff2c043000 	/System/Library/Frameworks/ApplicationServices.framework/Versions/A/Frameworks/PrintCore.framework/Versions/A/PrintCore
0x00007fff2d392000 	/System/Library/Frameworks/ApplicationServices.framework/Versions/A/Frameworks/QD.framework/Versions/A/QD
0x00007fff2d068000 	/System/Library/Frameworks/ApplicationServices.framework/Versions/A/Frameworks/SpeechSynthesis.framework/Versions/A/SpeechSynthesis
0x00007fff2c004000 	/System/Library/Frameworks/ApplicationServices.framework/Versions/A/Frameworks/ATSUI.framework/Versions/A/ATSUI
0x00007fff2d30f000 	/usr/lib/libcups.2.dylib
0x00007fff2d37f000 	/System/Library/PrivateFrameworks/NetAuth.framework/Versions/A/NetAuth
0x00007fff2da29000 	/System/Library/Frameworks/Kerberos.framework/Versions/A/Kerberos
0x00007fff2da39000 	/System/Library/Frameworks/GSS.framework/Versions/A/GSS
0x00007fff2d0e4000 	/usr/lib/libresolv.9.dylib
0x00007fff2b97a000 	/System/Library/PrivateFrameworks/Heimdal.framework/Versions/A/Heimdal
0x00007fff337bd000 	/System/Library/Frameworks/Kerberos.framework/Versions/A/Libraries/libHeimdalProxy.dylib
0x00007fff26231000 	/System/Library/Frameworks/Network.framework/Versions/A/Network
0x00007fff2b393000 	/usr/lib/libheimdal-asn1.dylib
0x00007fff2da89000 	/System/Library/PrivateFrameworks/CommonAuth.framework/Versions/A/CommonAuth
0x00007fff27577000 	/System/Library/PrivateFrameworks/login.framework/Versions/A/Frameworks/loginsupport.framework/Versions/A/loginsupport
0x00007fff2cfed000 	/System/Library/PrivateFrameworks/AudioSession.framework/Versions/A/AudioSession
0x00007fff2d055000 	/usr/lib/libAudioStatistics.dylib
0x00007fff2b420000 	/System/Library/PrivateFrameworks/MediaExperience.framework/Versions/A/MediaExperience
0x00007fff2ce8a000 	/System/Library/PrivateFrameworks/AudioSession.framework/libSessionUtility.dylib
0x00007fff2da1a000 	/usr/lib/libperfcheck.dylib
0x00007fff2d39e000 	/System/Library/PrivateFrameworks/AudioResourceArbitration.framework/Versions/A/AudioResourceArbitration
0x00007fff2b39d000 	/System/Library/PrivateFrameworks/IconFoundation.framework/Versions/A/IconFoundation
0x00007fff2fec7000 	/System/Library/PrivateFrameworks/SpeechRecognitionCore.framework/Versions/A/SpeechRecognitionCore
0x00007fff5dfc3000 	/System/Library/CoreServices/Encodings/libKoreanConverter.dylib
0x0000000110800000 	/Users/mingssok/.p2/pool/plugins/org.eclipse.justj.openjdk.hotspot.jre.full.macosx.x86_64_15.0.1.v20201027-0507/jre/lib/server/libjvm.dylib
0x000000010c444000 	/Users/mingssok/.p2/pool/plugins/org.eclipse.justj.openjdk.hotspot.jre.full.macosx.x86_64_15.0.1.v20201027-0507/jre/lib/libjimage.dylib
0x000000010c4a6000 	/Users/mingssok/.p2/pool/plugins/org.eclipse.justj.openjdk.hotspot.jre.full.macosx.x86_64_15.0.1.v20201027-0507/jre/lib/libjava.dylib
0x000000010c7c5000 	/Users/mingssok/.p2/pool/plugins/org.eclipse.justj.openjdk.hotspot.jre.full.macosx.x86_64_15.0.1.v20201027-0507/jre/lib/libzip.dylib
0x000000013351b000 	/Users/mingssok/.p2/pool/plugins/org.eclipse.justj.openjdk.hotspot.jre.full.macosx.x86_64_15.0.1.v20201027-0507/jre/lib/libnio.dylib
0x0000000133549000 	/Users/mingssok/.p2/pool/plugins/org.eclipse.justj.openjdk.hotspot.jre.full.macosx.x86_64_15.0.1.v20201027-0507/jre/lib/libnet.dylib


VM Arguments:
jvm_args: -Dfile.encoding=UTF-8 -XX:+ShowCodeDetailsInExceptionMessages 
java_command: main
java_class_path (initial): /Users/mingssok/eclipse-workspace/DS_02_201701984__practice/bin
Launcher Type: SUN_STANDARD

[Global flags]
     intx CICompilerCount                          = 4                                         {product} {ergonomic}
     uint ConcGCThreads                            = 2                                         {product} {ergonomic}
     uint G1ConcRefinementThreads                  = 8                                         {product} {ergonomic}
   size_t G1HeapRegionSize                         = 2097152                                   {product} {ergonomic}
    uintx GCDrainStackTargetSize                   = 64                                        {product} {ergonomic}
   size_t InitialHeapSize                          = 268435456                                 {product} {ergonomic}
   size_t MarkStackSize                            = 4194304                                   {product} {ergonomic}
   size_t MaxHeapSize                              = 4294967296                                {product} {ergonomic}
   size_t MaxNewSize                               = 2575302656                                {product} {ergonomic}
   size_t MinHeapDeltaBytes                        = 2097152                                   {product} {ergonomic}
   size_t MinHeapSize                              = 8388608                                   {product} {ergonomic}
    uintx NonNMethodCodeHeapSize                   = 5839372                                {pd product} {ergonomic}
    uintx NonProfiledCodeHeapSize                  = 122909434                              {pd product} {ergonomic}
    uintx ProfiledCodeHeapSize                     = 122909434                              {pd product} {ergonomic}
    uintx ReservedCodeCacheSize                    = 251658240                              {pd product} {ergonomic}
     bool SegmentedCodeCache                       = true                                      {product} {ergonomic}
     bool ShowCodeDetailsInExceptionMessages       = true                                   {manageable} {command line}
   size_t SoftMaxHeapSize                          = 4294967296                             {manageable} {ergonomic}
     bool UseCompressedClassPointers               = true                                 {lp64_product} {ergonomic}
     bool UseCompressedOops                        = true                                 {lp64_product} {ergonomic}
     bool UseG1GC                                  = true                                      {product} {ergonomic}
     bool UseNUMA                                  = false                                     {product} {ergonomic}
     bool UseNUMAInterleaving                      = false                                     {product} {ergonomic}

Logging:
Log output configuration:
 #0: stdout all=warning uptime,level,tags
 #1: stderr all=off uptime,level,tags

Environment Variables:
PATH=/usr/bin:/bin:/usr/sbin:/sbin
SHELL=/bin/zsh

Signal Handlers:
SIGSEGV: [libjvm.dylib+0xa00020], sa_mask[0]=11111111111111111111111111111111, sa_flags=SA_ONSTACK|SA_RESTART|SA_SIGINFO
SIGBUS: [libjvm.dylib+0xa00020], sa_mask[0]=11111111111111111111111111111111, sa_flags=SA_RESTART|SA_SIGINFO
SIGFPE: [libjvm.dylib+0xa00020], sa_mask[0]=11111111111111111111111111111111, sa_flags=SA_RESTART|SA_SIGINFO
SIGPIPE: [libjvm.dylib+0x82b7f0], sa_mask[0]=11111111111111111111111111111111, sa_flags=SA_RESTART|SA_SIGINFO
SIGXFSZ: [libjvm.dylib+0x82b7f0], sa_mask[0]=11111111111111111111111111111111, sa_flags=SA_RESTART|SA_SIGINFO
SIGILL: [libjvm.dylib+0xa00020], sa_mask[0]=11111111111111111111111111111111, sa_flags=SA_RESTART|SA_SIGINFO
SIGUSR2: [libjvm.dylib+0x82c300], sa_mask[0]=00100000000000000000000000000000, sa_flags=SA_RESTART|SA_SIGINFO
SIGHUP: [libjvm.dylib+0x82aa00], sa_mask[0]=11111111111111111111111111111111, sa_flags=SA_RESTART|SA_SIGINFO
SIGINT: [libjvm.dylib+0x82aa00], sa_mask[0]=11111111111111111111111111111111, sa_flags=SA_RESTART|SA_SIGINFO
SIGTERM: [libjvm.dylib+0x82aa00], sa_mask[0]=11111111111111111111111111111111, sa_flags=SA_RESTART|SA_SIGINFO
SIGQUIT: [libjvm.dylib+0x82aa00], sa_mask[0]=11111111111111111111111111111111, sa_flags=SA_RESTART|SA_SIGINFO


---------------  S Y S T E M  ---------------

OS:uname: Darwin 20.3.0 Darwin Kernel Version 20.3.0: Thu Jan 21 00:06:51 PST 2021; root:xnu-7195.81.3~1/RELEASE_ARM64_T8101 x86_64
OS uptime: 0 days 16:12 hours
rlimit (soft/hard): STACK 8176k/65520k , CORE 0k/infinity , NPROC 2666/4000 , NOFILE 10240/infinity , AS infinity/infinity , CPU infinity/infinity , DATA infinity/infinity , FSIZE infinity/infinity , MEMLOCK infinity/infinity , RSS infinity/infinity
load average: 2.65 5.02 4.71

CPU: total 8 (initial active 8) (1 cores per cpu, 1 threads per core) family 6 model 44 stepping 0 microcode 0x0, cmov, cx8, fxsr, mmx, sse, sse2, sse3, ssse3, sse4.1, sse4.2, popcnt, aes, clmul, tsc, tscinvbit, tscinv, clflush

Memory: 4k page, physical 16777216k(995388k free), swap 3145728k(930304k free)

vm_info: OpenJDK 64-Bit Server VM (15.0.1+9-18) for bsd-amd64 JRE (15.0.1+9-18), built on Sep 15 2020 13:39:50 by "mach5one" with clang 4.2.1 Compatible Apple LLVM 10.0.0 (clang-1000.11.45.5)

END.
